{"/Users/marquet.reid/quotes/src/components/DisplayFavoriteQuotes.tsx": {"path":"/Users/marquet.reid/quotes/src/components/DisplayFavoriteQuotes.tsx","statementMap":{"0":{"start":{"line":9,"column":18},"end":{"line":9,"column":59}},"1":{"start":{"line":10,"column":14},"end":{"line":10,"column":46}},"2":{"start":{"line":11,"column":14},"end":{"line":11,"column":35}},"3":{"start":{"line":12,"column":15},"end":{"line":12,"column":36}},"4":{"start":{"line":13,"column":25},"end":{"line":13,"column":54}},"5":{"start":{"line":16,"column":34},"end":{"line":20,"column":4}},"6":{"start":{"line":17,"column":4},"end":{"line":19,"column":40}},"7":{"start":{"line":18,"column":19},"end":{"line":18,"column":29}},"8":{"start":{"line":19,"column":20},"end":{"line":19,"column":38}},"9":{"start":{"line":21,"column":79},"end":{"line":21,"column":107}},"10":{"start":{"line":23,"column":2},"end":{"line":38,"column":4}}},"fnMap":{"0":{"name":"DisplayFavoriteQuotes","decl":{"start":{"line":15,"column":16},"end":{"line":15,"column":37}},"loc":{"start":{"line":15,"column":40},"end":{"line":39,"column":1}},"line":15},"1":{"name":"(anonymous_1)","decl":{"start":{"line":16,"column":62},"end":{"line":16,"column":63}},"loc":{"start":{"line":16,"column":68},"end":{"line":20,"column":3}},"line":16},"2":{"name":"(anonymous_2)","decl":{"start":{"line":18,"column":12},"end":{"line":18,"column":13}},"loc":{"start":{"line":18,"column":19},"end":{"line":18,"column":29}},"line":18},"3":{"name":"(anonymous_3)","decl":{"start":{"line":19,"column":12},"end":{"line":19,"column":13}},"loc":{"start":{"line":19,"column":20},"end":{"line":19,"column":38}},"line":19}},"branchMap":{"0":{"loc":{"start":{"line":26,"column":7},"end":{"line":26,"column":76}},"type":"binary-expr","locations":[{"start":{"line":26,"column":7},"end":{"line":26,"column":21}},{"start":{"line":26,"column":25},"end":{"line":26,"column":76}}],"line":26},"1":{"loc":{"start":{"line":27,"column":7},"end":{"line":36,"column":7}},"type":"binary-expr","locations":[{"start":{"line":27,"column":7},"end":{"line":27,"column":20}},{"start":{"line":28,"column":8},"end":{"line":35,"column":11}}],"line":27}},"s":{"0":1,"1":1,"2":1,"3":1,"4":1,"5":5,"6":0,"7":0,"8":0,"9":5,"10":5},"f":{"0":5,"1":0,"2":0,"3":0},"b":{"0":[5,1],"1":[5,4]},"_coverageSchema":"1a1c01bbd47fc00a2c39e90264f33305004495a9","hash":"c84df6c5e90f3ecacf67f90716fece743a0d8a73"}
,"/Users/marquet.reid/quotes/src/components/DisplayQuote.tsx": {"path":"/Users/marquet.reid/quotes/src/components/DisplayQuote.tsx","statementMap":{"0":{"start":{"line":12,"column":18},"end":{"line":12,"column":59}},"1":{"start":{"line":13,"column":14},"end":{"line":13,"column":46}},"2":{"start":{"line":14,"column":18},"end":{"line":14,"column":39}},"3":{"start":{"line":15,"column":15},"end":{"line":15,"column":36}},"4":{"start":{"line":16,"column":25},"end":{"line":16,"column":54}},"5":{"start":{"line":19,"column":22},"end":{"line":19,"column":38}},"6":{"start":{"line":20,"column":38},"end":{"line":20,"column":54}},"7":{"start":{"line":21,"column":79},"end":{"line":21,"column":100}},"8":{"start":{"line":23,"column":24},"end":{"line":32,"column":3}},"9":{"start":{"line":24,"column":51},"end":{"line":24,"column":94}},"10":{"start":{"line":26,"column":4},"end":{"line":30,"column":5}},"11":{"start":{"line":27,"column":6},"end":{"line":27,"column":46}},"12":{"start":{"line":29,"column":6},"end":{"line":29,"column":68}},"13":{"start":{"line":31,"column":4},"end":{"line":31,"column":72}},"14":{"start":{"line":34,"column":29},"end":{"line":34,"column":38}},"15":{"start":{"line":36,"column":2},"end":{"line":47,"column":4}}},"fnMap":{"0":{"name":"DisplayQuote","decl":{"start":{"line":18,"column":16},"end":{"line":18,"column":28}},"loc":{"start":{"line":18,"column":31},"end":{"line":48,"column":1}},"line":18},"1":{"name":"(anonymous_1)","decl":{"start":{"line":23,"column":24},"end":{"line":23,"column":25}},"loc":{"start":{"line":23,"column":36},"end":{"line":32,"column":3}},"line":23}},"branchMap":{"0":{"loc":{"start":{"line":26,"column":4},"end":{"line":30,"column":5}},"type":"if","locations":[{"start":{"line":26,"column":4},"end":{"line":30,"column":5}},{"start":{"line":28,"column":11},"end":{"line":30,"column":5}}],"line":26}},"s":{"0":1,"1":1,"2":1,"3":1,"4":1,"5":6,"6":6,"7":6,"8":6,"9":2,"10":2,"11":1,"12":1,"13":2,"14":6,"15":6},"f":{"0":6,"1":2},"b":{"0":[1,1]},"_coverageSchema":"1a1c01bbd47fc00a2c39e90264f33305004495a9","hash":"9552a5898b154b7048f3071b9b6c741d0fe04ed4"}
,"/Users/marquet.reid/quotes/src/components/FavoriteButton.tsx": {"path":"/Users/marquet.reid/quotes/src/components/FavoriteButton.tsx","statementMap":{"0":{"start":{"line":12,"column":33},"end":{"line":12,"column":56}},"1":{"start":{"line":13,"column":2},"end":{"line":13,"column":115}}},"fnMap":{"0":{"name":"FavoriteButton","decl":{"start":{"line":11,"column":16},"end":{"line":11,"column":30}},"loc":{"start":{"line":11,"column":108},"end":{"line":14,"column":1}},"line":11}},"branchMap":{"0":{"loc":{"start":{"line":11,"column":33},"end":{"line":11,"column":56}},"type":"default-arg","locations":[{"start":{"line":11,"column":40},"end":{"line":11,"column":56}}],"line":11},"1":{"loc":{"start":{"line":11,"column":58},"end":{"line":11,"column":74}},"type":"default-arg","locations":[{"start":{"line":11,"column":69},"end":{"line":11,"column":74}}],"line":11}},"s":{"0":8,"1":8},"f":{"0":8},"b":{"0":[0],"1":[6]},"_coverageSchema":"1a1c01bbd47fc00a2c39e90264f33305004495a9","hash":"8d1b951eab3e87018c137abda3a9006ec6504a2b"}
,"/Users/marquet.reid/quotes/src/components/QuoteNavigationButton.tsx": {"path":"/Users/marquet.reid/quotes/src/components/QuoteNavigationButton.tsx","statementMap":{"0":{"start":{"line":13,"column":18},"end":{"line":13,"column":20}},"1":{"start":{"line":14,"column":31},"end":{"line":14,"column":33}},"2":{"start":{"line":16,"column":2},"end":{"line":22,"column":3}},"3":{"start":{"line":17,"column":4},"end":{"line":17,"column":34}},"4":{"start":{"line":18,"column":4},"end":{"line":18,"column":54}},"5":{"start":{"line":19,"column":9},"end":{"line":22,"column":3}},"6":{"start":{"line":20,"column":4},"end":{"line":20,"column":38}},"7":{"start":{"line":21,"column":4},"end":{"line":21,"column":54}},"8":{"start":{"line":24,"column":2},"end":{"line":24,"column":120}}},"fnMap":{"0":{"name":"QuoteNavigationButton","decl":{"start":{"line":12,"column":16},"end":{"line":12,"column":37}},"loc":{"start":{"line":12,"column":103},"end":{"line":25,"column":1}},"line":12}},"branchMap":{"0":{"loc":{"start":{"line":12,"column":46},"end":{"line":12,"column":62}},"type":"default-arg","locations":[{"start":{"line":12,"column":57},"end":{"line":12,"column":62}}],"line":12},"1":{"loc":{"start":{"line":16,"column":2},"end":{"line":22,"column":3}},"type":"if","locations":[{"start":{"line":16,"column":2},"end":{"line":22,"column":3}},{"start":{"line":19,"column":9},"end":{"line":22,"column":3}}],"line":16},"2":{"loc":{"start":{"line":19,"column":9},"end":{"line":22,"column":3}},"type":"if","locations":[{"start":{"line":19,"column":9},"end":{"line":22,"column":3}},{"start":{},"end":{}}],"line":19}},"s":{"0":24,"1":24,"2":24,"3":12,"4":12,"5":12,"6":12,"7":12,"8":24},"f":{"0":24},"b":{"0":[4],"1":[12,12],"2":[12,0]},"_coverageSchema":"1a1c01bbd47fc00a2c39e90264f33305004495a9","hash":"a60dac14e48cea4acb10b05acbad37aa7cddd24b"}
,"/Users/marquet.reid/quotes/src/constants/constants.js": {"path":"/Users/marquet.reid/quotes/src/constants/constants.js","statementMap":{"0":{"start":{"line":1,"column":30},"end":{"line":3,"column":1}},"1":{"start":{"line":5,"column":39},"end":{"line":8,"column":1}},"2":{"start":{"line":10,"column":23},"end":{"line":17,"column":1}}},"fnMap":{},"branchMap":{},"s":{"0":4,"1":4,"2":4},"f":{},"b":{},"_coverageSchema":"1a1c01bbd47fc00a2c39e90264f33305004495a9","hash":"e57e82c282ae3bee674550bcac53478fab7e76b4"}
,"/Users/marquet.reid/quotes/src/hooks/useFetchQuotes.ts": {"path":"/Users/marquet.reid/quotes/src/hooks/useFetchQuotes.ts","statementMap":{"0":{"start":{"line":4,"column":30},"end":{"line":9,"column":1}},"1":{"start":{"line":5,"column":2},"end":{"line":8,"column":5}},"2":{"start":{"line":6,"column":21},"end":{"line":6,"column":71}},"3":{"start":{"line":7,"column":4},"end":{"line":7,"column":25}}},"fnMap":{"0":{"name":"(anonymous_0)","decl":{"start":{"line":4,"column":30},"end":{"line":4,"column":31}},"loc":{"start":{"line":4,"column":36},"end":{"line":9,"column":1}},"line":4},"1":{"name":"(anonymous_1)","decl":{"start":{"line":5,"column":38},"end":{"line":5,"column":39}},"loc":{"start":{"line":5,"column":50},"end":{"line":8,"column":3}},"line":5}},"branchMap":{},"s":{"0":1,"1":2,"2":1,"3":1},"f":{"0":2,"1":1},"b":{},"_coverageSchema":"1a1c01bbd47fc00a2c39e90264f33305004495a9","hash":"1fff681e8e8e7d770f87a74b4d89f18b1e0d1f94"}
,"/Users/marquet.reid/quotes/src/hooks/useQuoteIndex.ts": {"path":"/Users/marquet.reid/quotes/src/hooks/useQuoteIndex.ts","statementMap":{"0":{"start":{"line":4,"column":29},"end":{"line":19,"column":1}},"1":{"start":{"line":5,"column":38},"end":{"line":5,"column":49}},"2":{"start":{"line":7,"column":20},"end":{"line":9,"column":3}},"3":{"start":{"line":8,"column":4},"end":{"line":8,"column":46}},"4":{"start":{"line":8,"column":31},"end":{"line":8,"column":44}},"5":{"start":{"line":11,"column":20},"end":{"line":13,"column":3}},"6":{"start":{"line":12,"column":4},"end":{"line":12,"column":46}},"7":{"start":{"line":12,"column":31},"end":{"line":12,"column":44}},"8":{"start":{"line":15,"column":25},"end":{"line":15,"column":56}},"9":{"start":{"line":16,"column":25},"end":{"line":16,"column":80}},"10":{"start":{"line":18,"column":2},"end":{"line":18,"column":78}}},"fnMap":{"0":{"name":"(anonymous_0)","decl":{"start":{"line":4,"column":29},"end":{"line":4,"column":30}},"loc":{"start":{"line":4,"column":62},"end":{"line":19,"column":1}},"line":4},"1":{"name":"(anonymous_1)","decl":{"start":{"line":7,"column":20},"end":{"line":7,"column":21}},"loc":{"start":{"line":7,"column":26},"end":{"line":9,"column":3}},"line":7},"2":{"name":"(anonymous_2)","decl":{"start":{"line":8,"column":18},"end":{"line":8,"column":19}},"loc":{"start":{"line":8,"column":31},"end":{"line":8,"column":44}},"line":8},"3":{"name":"(anonymous_3)","decl":{"start":{"line":11,"column":20},"end":{"line":11,"column":21}},"loc":{"start":{"line":11,"column":26},"end":{"line":13,"column":3}},"line":11},"4":{"name":"(anonymous_4)","decl":{"start":{"line":12,"column":18},"end":{"line":12,"column":19}},"loc":{"start":{"line":12,"column":31},"end":{"line":12,"column":44}},"line":12}},"branchMap":{"0":{"loc":{"start":{"line":15,"column":25},"end":{"line":15,"column":56}},"type":"cond-expr","locations":[{"start":{"line":15,"column":44},"end":{"line":15,"column":48}},{"start":{"line":15,"column":51},"end":{"line":15,"column":56}}],"line":15},"1":{"loc":{"start":{"line":16,"column":25},"end":{"line":16,"column":80}},"type":"cond-expr","locations":[{"start":{"line":16,"column":68},"end":{"line":16,"column":72}},{"start":{"line":16,"column":75},"end":{"line":16,"column":80}}],"line":16},"2":{"loc":{"start":{"line":16,"column":41},"end":{"line":16,"column":60}},"type":"binary-expr","locations":[{"start":{"line":16,"column":41},"end":{"line":16,"column":55}},{"start":{"line":16,"column":59},"end":{"line":16,"column":60}}],"line":16}},"s":{"0":3,"1":16,"2":16,"3":5,"4":5,"5":16,"6":4,"7":4,"8":16,"9":16,"10":16},"f":{"0":16,"1":5,"2":5,"3":4,"4":4},"b":{"0":[11,5],"1":[4,12],"2":[16,1]},"_coverageSchema":"1a1c01bbd47fc00a2c39e90264f33305004495a9","hash":"38777ae5da0416201c3ebaef297729aa624d6139"}
}
