TN:
SF:src/components/DisplayFavoriteQuotes.tsx
FN:15,DisplayFavoriteQuotes
FN:16,(anonymous_1)
FN:18,(anonymous_2)
FN:19,(anonymous_3)
FNF:4
FNH:1
FNDA:5,DisplayFavoriteQuotes
FNDA:0,(anonymous_1)
FNDA:0,(anonymous_2)
FNDA:0,(anonymous_3)
DA:9,1
DA:10,1
DA:11,1
DA:12,1
DA:13,1
DA:16,5
DA:17,0
DA:18,0
DA:19,0
DA:21,5
DA:23,5
LF:11
LH:8
BRDA:26,0,0,5
BRDA:26,0,1,1
BRDA:27,1,0,5
BRDA:27,1,1,4
BRF:4
BRH:4
end_of_record
TN:
SF:src/components/DisplayQuote.tsx
FN:18,DisplayQuote
FN:23,(anonymous_1)
FNF:2
FNH:2
FNDA:6,DisplayQuote
FNDA:2,(anonymous_1)
DA:12,1
DA:13,1
DA:14,1
DA:15,1
DA:16,1
DA:19,6
DA:20,6
DA:21,6
DA:23,6
DA:24,2
DA:26,2
DA:27,1
DA:29,1
DA:31,2
DA:34,6
DA:36,6
LF:16
LH:16
BRDA:26,0,0,1
BRDA:26,0,1,1
BRF:2
BRH:2
end_of_record
TN:
SF:src/components/FavoriteButton.tsx
FN:11,FavoriteButton
FNF:1
FNH:1
FNDA:8,FavoriteButton
DA:12,8
DA:13,8
LF:2
LH:2
BRDA:11,0,0,0
BRDA:11,1,0,6
BRF:2
BRH:1
end_of_record
TN:
SF:src/components/QuoteNavigationButton.tsx
FN:12,QuoteNavigationButton
FNF:1
FNH:1
FNDA:24,QuoteNavigationButton
DA:13,24
DA:14,24
DA:16,24
DA:17,12
DA:18,12
DA:19,12
DA:20,12
DA:21,12
DA:24,24
LF:9
LH:9
BRDA:12,0,0,4
BRDA:16,1,0,12
BRDA:16,1,1,12
BRDA:19,2,0,12
BRDA:19,2,1,0
BRF:5
BRH:4
end_of_record
TN:
SF:src/constants/constants.js
FNF:0
FNH:0
DA:1,4
DA:5,4
DA:10,4
LF:3
LH:3
BRF:0
BRH:0
end_of_record
TN:
SF:src/hooks/useFetchQuotes.ts
FN:4,(anonymous_0)
FN:5,(anonymous_1)
FNF:2
FNH:2
FNDA:2,(anonymous_0)
FNDA:1,(anonymous_1)
DA:4,1
DA:5,2
DA:6,1
DA:7,1
LF:4
LH:4
BRF:0
BRH:0
end_of_record
TN:
SF:src/hooks/useQuoteIndex.ts
FN:4,(anonymous_0)
FN:7,(anonymous_1)
FN:8,(anonymous_2)
FN:11,(anonymous_3)
FN:12,(anonymous_4)
FNF:5
FNH:5
FNDA:16,(anonymous_0)
FNDA:5,(anonymous_1)
FNDA:5,(anonymous_2)
FNDA:4,(anonymous_3)
FNDA:4,(anonymous_4)
DA:4,3
DA:5,16
DA:7,16
DA:8,5
DA:11,16
DA:12,4
DA:15,16
DA:16,16
DA:18,16
LF:9
LH:9
BRDA:15,0,0,11
BRDA:15,0,1,5
BRDA:16,1,0,4
BRDA:16,1,1,12
BRDA:16,2,0,16
BRDA:16,2,1,1
BRF:6
BRH:6
end_of_record
